This is pdfTeX, Version 3.14159265-2.6-1.40.18 (TeX Live 2017) (preloaded format=pdflatex 2017.11.1)  9 JUN 2018 01:22
entering extended mode
 restricted \write18 enabled.
 file:line:error style messages enabled.
 %&-line parsing enabled.
**HW4_Report.tex
(./HW4_Report.tex
LaTeX2e <2017-04-15>
Babel <3.10> and hyphenation patterns for 84 language(s) loaded.
(/usr/local/texlive/2017/texmf-dist/tex/latex/base/article.cls
Document Class: article 2014/09/29 v1.4h Standard LaTeX document class
(/usr/local/texlive/2017/texmf-dist/tex/latex/base/size10.clo
File: size10.clo 2014/09/29 v1.4h Standard LaTeX file (size option)
)
\c@part=\count79
\c@section=\count80
\c@subsection=\count81
\c@subsubsection=\count82
\c@paragraph=\count83
\c@subparagraph=\count84
\c@figure=\count85
\c@table=\count86
\abovecaptionskip=\skip41
\belowcaptionskip=\skip42
\bibindent=\dimen102
)
(/usr/local/texlive/2017/texmf-dist/tex/latex/graphics/graphicx.sty
Package: graphicx 2014/10/28 v1.0g Enhanced LaTeX Graphics (DPC,SPQR)

(/usr/local/texlive/2017/texmf-dist/tex/latex/graphics/keyval.sty
Package: keyval 2014/10/28 v1.15 key=value parser (DPC)
\KV@toks@=\toks14
)
(/usr/local/texlive/2017/texmf-dist/tex/latex/graphics/graphics.sty
Package: graphics 2017/04/14 v1.1b Standard LaTeX Graphics (DPC,SPQR)

(/usr/local/texlive/2017/texmf-dist/tex/latex/graphics/trig.sty
Package: trig 2016/01/03 v1.10 sin cos tan (DPC)
)
(/usr/local/texlive/2017/texmf-dist/tex/latex/graphics-cfg/graphics.cfg
File: graphics.cfg 2016/06/04 v1.11 sample graphics configuration
)
Package graphics Info: Driver file: pdftex.def on input line 99.

(/usr/local/texlive/2017/texmf-dist/tex/latex/graphics-def/pdftex.def
File: pdftex.def 2017/01/12 v0.06k Graphics/color for pdfTeX

(/usr/local/texlive/2017/texmf-dist/tex/generic/oberdiek/infwarerr.sty
Package: infwarerr 2016/05/16 v1.4 Providing info/warning/error messages (HO)
)
(/usr/local/texlive/2017/texmf-dist/tex/generic/oberdiek/ltxcmds.sty
Package: ltxcmds 2016/05/16 v1.23 LaTeX kernel commands for general use (HO)
)
\Gread@gobject=\count87
))
\Gin@req@height=\dimen103
\Gin@req@width=\dimen104
)
(/usr/local/texlive/2017/texmf-dist/tex/latex/caption/subcaption.sty
Package: subcaption 2016/05/22 v1.1-161 Sub-captions (AR)

(/usr/local/texlive/2017/texmf-dist/tex/latex/caption/caption.sty
Package: caption 2016/02/21 v3.3-144 Customizing captions (AR)

(/usr/local/texlive/2017/texmf-dist/tex/latex/caption/caption3.sty
Package: caption3 2016/05/22 v1.7-166 caption3 kernel (AR)
Package caption3 Info: TeX engine: e-TeX on input line 67.
\captionmargin=\dimen105
\captionmargin@=\dimen106
\captionwidth=\dimen107
\caption@tempdima=\dimen108
\caption@indent=\dimen109
\caption@parindent=\dimen110
\caption@hangindent=\dimen111
)
\c@ContinuedFloat=\count88
)
\c@subfigure=\count89
\c@subtable=\count90
)
(/usr/local/texlive/2017/texmf-dist/tex/latex/geometry/geometry.sty
Package: geometry 2010/09/12 v5.6 Page Geometry

(/usr/local/texlive/2017/texmf-dist/tex/generic/oberdiek/ifpdf.sty
Package: ifpdf 2017/03/15 v3.2 Provides the ifpdf switch
)
(/usr/local/texlive/2017/texmf-dist/tex/generic/oberdiek/ifvtex.sty
Package: ifvtex 2016/05/16 v1.6 Detect VTeX and its facilities (HO)
Package ifvtex Info: VTeX not detected.
)
(/usr/local/texlive/2017/texmf-dist/tex/generic/ifxetex/ifxetex.sty
Package: ifxetex 2010/09/12 v0.6 Provides ifxetex conditional
)
\Gm@cnth=\count91
\Gm@cntv=\count92
\c@Gm@tempcnt=\count93
\Gm@bindingoffset=\dimen112
\Gm@wd@mp=\dimen113
\Gm@odd@mp=\dimen114
\Gm@even@mp=\dimen115
\Gm@layoutwidth=\dimen116
\Gm@layoutheight=\dimen117
\Gm@layouthoffset=\dimen118
\Gm@layoutvoffset=\dimen119
\Gm@dimlist=\toks15
)
(/usr/local/texlive/2017/texmf-dist/tex/latex/tools/indentfirst.sty
Package: indentfirst 1995/11/23 v1.03 Indent first paragraph (DPC)
)
(/usr/local/texlive/2017/texmf-dist/tex/latex/listings/listings.sty
\lst@mode=\count94
\lst@gtempboxa=\box26
\lst@token=\toks16
\lst@length=\count95
\lst@currlwidth=\dimen120
\lst@column=\count96
\lst@pos=\count97
\lst@lostspace=\dimen121
\lst@width=\dimen122
\lst@newlines=\count98
\lst@lineno=\count99
\lst@maxwidth=\dimen123

(/usr/local/texlive/2017/texmf-dist/tex/latex/listings/lstmisc.sty
File: lstmisc.sty 2015/06/04 1.6 (Carsten Heinz)
\c@lstnumber=\count100
\lst@skipnumbers=\count101
\lst@framebox=\box27
)
(/usr/local/texlive/2017/texmf-dist/tex/latex/listings/listings.cfg
File: listings.cfg 2015/06/04 1.6 listings configuration
))
Package: listings 2015/06/04 1.6 (Carsten Heinz)

(/usr/local/texlive/2017/texmf-dist/tex/latex/amsmath/amsmath.sty
Package: amsmath 2016/11/05 v2.16a AMS math features
\@mathmargin=\skip43

For additional information on amsmath, use the `?' option.
(/usr/local/texlive/2017/texmf-dist/tex/latex/amsmath/amstext.sty
Package: amstext 2000/06/29 v2.01 AMS text

(/usr/local/texlive/2017/texmf-dist/tex/latex/amsmath/amsgen.sty
File: amsgen.sty 1999/11/30 v2.0 generic functions
\@emptytoks=\toks17
\ex@=\dimen124
))
(/usr/local/texlive/2017/texmf-dist/tex/latex/amsmath/amsbsy.sty
Package: amsbsy 1999/11/29 v1.2d Bold Symbols
\pmbraise@=\dimen125
)
(/usr/local/texlive/2017/texmf-dist/tex/latex/amsmath/amsopn.sty
Package: amsopn 2016/03/08 v2.02 operator names
)
\inf@bad=\count102
LaTeX Info: Redefining \frac on input line 213.
\uproot@=\count103
\leftroot@=\count104
LaTeX Info: Redefining \overline on input line 375.
\classnum@=\count105
\DOTSCASE@=\count106
LaTeX Info: Redefining \ldots on input line 472.
LaTeX Info: Redefining \dots on input line 475.
LaTeX Info: Redefining \cdots on input line 596.
\Mathstrutbox@=\box28
\strutbox@=\box29
\big@size=\dimen126
LaTeX Font Info:    Redeclaring font encoding OML on input line 712.
LaTeX Font Info:    Redeclaring font encoding OMS on input line 713.
\macc@depth=\count107
\c@MaxMatrixCols=\count108
\dotsspace@=\muskip10
\c@parentequation=\count109
\dspbrk@lvl=\count110
\tag@help=\toks18
\row@=\count111
\column@=\count112
\maxfields@=\count113
\andhelp@=\toks19
\eqnshift@=\dimen127
\alignsep@=\dimen128
\tagshift@=\dimen129
\tagwidth@=\dimen130
\totwidth@=\dimen131
\lineht@=\dimen132
\@envbody=\toks20
\multlinegap=\skip44
\multlinetaggap=\skip45
\mathdisplay@stack=\toks21
LaTeX Info: Redefining \[ on input line 2817.
LaTeX Info: Redefining \] on input line 2818.
)
(./HW4_Report.aux)
\openout1 = `HW4_Report.aux'.

LaTeX Font Info:    Checking defaults for OML/cmm/m/it on input line 12.
LaTeX Font Info:    ... okay on input line 12.
LaTeX Font Info:    Checking defaults for T1/cmr/m/n on input line 12.
LaTeX Font Info:    ... okay on input line 12.
LaTeX Font Info:    Checking defaults for OT1/cmr/m/n on input line 12.
LaTeX Font Info:    ... okay on input line 12.
LaTeX Font Info:    Checking defaults for OMS/cmsy/m/n on input line 12.
LaTeX Font Info:    ... okay on input line 12.
LaTeX Font Info:    Checking defaults for OMX/cmex/m/n on input line 12.
LaTeX Font Info:    ... okay on input line 12.
LaTeX Font Info:    Checking defaults for U/cmr/m/n on input line 12.
LaTeX Font Info:    ... okay on input line 12.

(/usr/local/texlive/2017/texmf-dist/tex/context/base/mkii/supp-pdf.mkii
[Loading MPS to PDF converter (version 2006.09.02).]
\scratchcounter=\count114
\scratchdimen=\dimen133
\scratchbox=\box30
\nofMPsegments=\count115
\nofMParguments=\count116
\everyMPshowfont=\toks22
\MPscratchCnt=\count117
\MPscratchDim=\dimen134
\MPnumerator=\count118
\makeMPintoPDFobject=\count119
\everyMPtoPDFconversion=\toks23
) (/usr/local/texlive/2017/texmf-dist/tex/generic/oberdiek/pdftexcmds.sty
Package: pdftexcmds 2017/03/19 v0.25 Utility functions of pdfTeX for LuaTeX (HO
)

(/usr/local/texlive/2017/texmf-dist/tex/generic/oberdiek/ifluatex.sty
Package: ifluatex 2016/05/16 v1.4 Provides the ifluatex switch (HO)
Package ifluatex Info: LuaTeX not detected.
)
Package pdftexcmds Info: LuaTeX not detected.
Package pdftexcmds Info: \pdf@primitive is available.
Package pdftexcmds Info: \pdf@ifprimitive is available.
Package pdftexcmds Info: \pdfdraftmode found.
)
(/usr/local/texlive/2017/texmf-dist/tex/latex/oberdiek/epstopdf-base.sty
Package: epstopdf-base 2016/05/15 v2.6 Base part for package epstopdf

(/usr/local/texlive/2017/texmf-dist/tex/latex/oberdiek/grfext.sty
Package: grfext 2016/05/16 v1.2 Manage graphics extensions (HO)

(/usr/local/texlive/2017/texmf-dist/tex/generic/oberdiek/kvdefinekeys.sty
Package: kvdefinekeys 2016/05/16 v1.4 Define keys (HO)
))
(/usr/local/texlive/2017/texmf-dist/tex/latex/oberdiek/kvoptions.sty
Package: kvoptions 2016/05/16 v3.12 Key value format for package options (HO)

(/usr/local/texlive/2017/texmf-dist/tex/generic/oberdiek/kvsetkeys.sty
Package: kvsetkeys 2016/05/16 v1.17 Key value parser (HO)

(/usr/local/texlive/2017/texmf-dist/tex/generic/oberdiek/etexcmds.sty
Package: etexcmds 2016/05/16 v1.6 Avoid name clashes with e-TeX commands (HO)
Package etexcmds Info: Could not find \expanded.
(etexcmds)             That can mean that you are not using pdfTeX 1.50 or
(etexcmds)             that some package has redefined \expanded.
(etexcmds)             In the latter case, load this package earlier.
)))
Package epstopdf-base Info: Redefining graphics rule for `.eps' on input line 4
38.
Package grfext Info: Graphics extension search list:
(grfext)             [.png,.pdf,.jpg,.mps,.jpeg,.jbig2,.jb2,.PNG,.PDF,.JPG,.JPE
G,.JBIG2,.JB2,.eps]
(grfext)             \AppendGraphicsExtensions on input line 456.

(/usr/local/texlive/2017/texmf-dist/tex/latex/latexconfig/epstopdf-sys.cfg
File: epstopdf-sys.cfg 2010/07/13 v1.3 Configuration of (r)epstopdf for TeX Liv
e
))
Package caption Info: Begin \AtBeginDocument code.
Package caption Info: listings package is loaded.
Package caption Info: End \AtBeginDocument code.

*geometry* driver: auto-detecting
*geometry* detected driver: pdftex
*geometry* verbose mode - [ preamble ] result:
* driver: pdftex
* paper: <default>
* layout: <same size as paper>
* layoutoffset:(h,v)=(0.0pt,0.0pt)
* modes: 
* h-part:(L,W,R)=(72.26999pt, 469.75502pt, 72.26999pt)
* v-part:(T,H,B)=(72.26999pt, 650.43001pt, 72.26999pt)
* \paperwidth=614.295pt
* \paperheight=794.96999pt
* \textwidth=469.75502pt
* \textheight=650.43001pt
* \oddsidemargin=0.0pt
* \evensidemargin=0.0pt
* \topmargin=-37.0pt
* \headheight=12.0pt
* \headsep=25.0pt
* \topskip=10.0pt
* \footskip=30.0pt
* \marginparwidth=65.0pt
* \marginparsep=11.0pt
* \columnsep=10.0pt
* \skip\footins=9.0pt plus 4.0pt minus 2.0pt
* \hoffset=0.0pt
* \voffset=0.0pt
* \mag=1000
* \@twocolumnfalse
* \@twosidefalse
* \@mparswitchfalse
* \@reversemarginfalse
* (1in=72.27pt=25.4mm, 1cm=28.453pt)

\c@lstlisting=\count120
<DA1/5.pdf, id=1, 597.51233pt x 845.0471pt>
File: DA1/5.pdf Graphic file (type pdf)
 <use DA1/5.pdf>
Package pdftex.def Info: DA1/5.pdf used on input line 25.
(pdftex.def)             Requested size: 233.3125pt x 329.96677pt.

<DA1/25.pdf, id=2, 597.51233pt x 845.0471pt>
File: DA1/25.pdf Graphic file (type pdf)
 <use DA1/25.pdf>
Package pdftex.def Info: DA1/25.pdf used on input line 26.
(pdftex.def)             Requested size: 233.3125pt x 329.96677pt.
 [1

{/usr/local/texlive/2017/texmf-var/fonts/map/pdftex/updmap/pdftex.map} <./DA1/5
.pdf> <./DA1/25.pdf>] <DA2/Plots/Lasso_CVerr_VS_S.pdf, id=57, 722.7pt x 722.7pt
>
File: DA2/Plots/Lasso_CVerr_VS_S.pdf Graphic file (type pdf)

<use DA2/Plots/Lasso_CVerr_VS_S.pdf>
Package pdftex.def Info: DA2/Plots/Lasso_CVerr_VS_S.pdf used on input line 51.
(pdftex.def)             Requested size: 233.3125pt x 233.3088pt.

<DA2/Plots/RF_partial_dependence.pdf, id=58, 578.16pt x 503.8825pt>
File: DA2/Plots/RF_partial_dependence.pdf Graphic file (type pdf)

<use DA2/Plots/RF_partial_dependence.pdf>
Package pdftex.def Info: DA2/Plots/RF_partial_dependence.pdf used on input line
 64.
(pdftex.def)             Requested size: 233.3125pt x 203.33319pt.
 [2 <./DA2/Plots/Lasso_CVerr_VS_S.pdf>] <DA2/Plots/RF_GBM_CVerr_Comparison.pdf,
 id=70, 867.24pt x 433.62pt>
File: DA2/Plots/RF_GBM_CVerr_Comparison.pdf Graphic file (type pdf)

<use DA2/Plots/RF_GBM_CVerr_Comparison.pdf>
Package pdftex.def Info: DA2/Plots/RF_GBM_CVerr_Comparison.pdf used on input li
ne 75.
(pdftex.def)             Requested size: 455.24408pt x 227.62082pt.
 [3 <./DA2/Plots/RF_partial_dependence.pdf> <./DA2/Plots/RF_GBM_CVerr_Compariso
n.pdf>]
<DA2/Plots/SVM_CVerr_VS_logC.pdf, id=85, 614.295pt x 794.97pt>
File: DA2/Plots/SVM_CVerr_VS_logC.pdf Graphic file (type pdf)

<use DA2/Plots/SVM_CVerr_VS_logC.pdf>
Package pdftex.def Info: DA2/Plots/SVM_CVerr_VS_logC.pdf used on input line 86.

(pdftex.def)             Requested size: 170.71652pt x 220.92824pt.

<DA2/Plots/Testerr_Comparison.pdf, id=86, 614.295pt x 794.97pt>
File: DA2/Plots/Testerr_Comparison.pdf Graphic file (type pdf)

<use DA2/Plots/Testerr_Comparison.pdf>
Package pdftex.def Info: DA2/Plots/Testerr_Comparison.pdf used on input line 87
.
(pdftex.def)             Requested size: 199.16928pt x 257.74355pt.

<DA3/Plots/kmeans_2dplot.pdf, id=87, 722.7pt x 722.7pt>
File: DA3/Plots/kmeans_2dplot.pdf Graphic file (type pdf)

<use DA3/Plots/kmeans_2dplot.pdf>
Package pdftex.def Info: DA3/Plots/kmeans_2dplot.pdf used on input line 98.
(pdftex.def)             Requested size: 170.71652pt x 170.71672pt.

<DA3/Plots/kmeans_3dplot.pdf, id=88, 722.7pt x 722.7pt>
File: DA3/Plots/kmeans_3dplot.pdf Graphic file (type pdf)

<use DA3/Plots/kmeans_3dplot.pdf>
Package pdftex.def Info: DA3/Plots/kmeans_3dplot.pdf used on input line 99.
(pdftex.def)             Requested size: 170.71652pt x 170.71672pt.

<DA3/Plots/HCluster_complete_corr.pdf, id=89, 722.7pt x 722.7pt>
File: DA3/Plots/HCluster_complete_corr.pdf Graphic file (type pdf)

<use DA3/Plots/HCluster_complete_corr.pdf>
Package pdftex.def Info: DA3/Plots/HCluster_complete_corr.pdf used on input lin
e 108.
(pdftex.def)             Requested size: 170.71652pt x 170.71672pt.

<DA3/Plots/HCluster_complete_RF.pdf, id=90, 722.7pt x 722.7pt>
File: DA3/Plots/HCluster_complete_RF.pdf Graphic file (type pdf)

<use DA3/Plots/HCluster_complete_RF.pdf>
Package pdftex.def Info: DA3/Plots/HCluster_complete_RF.pdf used on input line 
109.
(pdftex.def)             Requested size: 170.71652pt x 170.71672pt.

<DA3/Plots/HCluster_complete_euclidean.pdf, id=91, 722.7pt x 722.7pt>
File: DA3/Plots/HCluster_complete_euclidean.pdf Graphic file (type pdf)

<use DA3/Plots/HCluster_complete_euclidean.pdf>
Package pdftex.def Info: DA3/Plots/HCluster_complete_euclidean.pdf used on inpu
t line 110.
(pdftex.def)             Requested size: 170.71652pt x 170.71672pt.
 [4 <./DA2/Plots/SVM_CVerr_VS_logC.pdf> <./DA2/Plots/Testerr_Comparison.pdf> <.
/DA3/Plots/kmeans_2dplot.pdf> <./DA3/Plots/kmeans_3dplot.pdf>] [5 <./DA3/Plots/
HCluster_complete_corr.pdf> <./DA3/Plots/HCluster_complete_RF.pdf> <./DA3/Plots
/HCluster_complete_euclidean.pdf>] [6] (./HW4_Report.aux) ) 
Here is how much of TeX's memory you used:
 4946 strings out of 492995
 75342 string characters out of 6132704
 147389 words of memory out of 5000000
 8438 multiletter control sequences out of 15000+600000
 9335 words of font info for 34 fonts, out of 8000000 for 9000
 1141 hyphenation exceptions out of 8191
 42i,9n,40p,1584b,270s stack positions out of 5000i,500n,10000p,200000b,80000s
</usr/local/texlive/
2017/texmf-dist/fonts/type1/public/amsfonts/cm/cmbx10.pfb></usr/local/texlive/2
017/texmf-dist/fonts/type1/public/amsfonts/cm/cmbx12.pfb></usr/local/texlive/20
17/texmf-dist/fonts/type1/public/amsfonts/cm/cmex10.pfb></usr/local/texlive/201
7/texmf-dist/fonts/type1/public/amsfonts/cm/cmmi10.pfb></usr/local/texlive/2017
/texmf-dist/fonts/type1/public/amsfonts/cm/cmmi7.pfb></usr/local/texlive/2017/t
exmf-dist/fonts/type1/public/amsfonts/cm/cmr10.pfb></usr/local/texlive/2017/tex
mf-dist/fonts/type1/public/amsfonts/cm/cmr12.pfb></usr/local/texlive/2017/texmf
-dist/fonts/type1/public/amsfonts/cm/cmr17.pfb></usr/local/texlive/2017/texmf-d
ist/fonts/type1/public/amsfonts/cm/cmr5.pfb></usr/local/texlive/2017/texmf-dist
/fonts/type1/public/amsfonts/cm/cmr7.pfb></usr/local/texlive/2017/texmf-dist/fo
nts/type1/public/amsfonts/cm/cmsy10.pfb></usr/local/texlive/2017/texmf-dist/fon
ts/type1/public/amsfonts/cm/cmsy5.pfb></usr/local/texlive/2017/texmf-dist/fonts
/type1/public/amsfonts/cm/cmsy7.pfb>
Output written on HW4_Report.pdf (6 pages, 262721 bytes).
PDF statistics:
 187 PDF objects out of 1000 (max. 8388607)
 136 compressed objects within 2 object streams
 0 named destinations out of 1000 (max. 500000)
 61 words of extra memory for PDF output out of 10000 (max. 10000000)

